Using pre-set license
Built from '2021.1/release' branch; Version is '2021.1.1f1 (6fdc41dfa55a) revision 7330881'; Using compiler version '192528614'; Build Type 'Release'
OS: 'Windows 10 Enterprise; OS build 18363.1679; Version 1909; 64bit' Language: 'tr' Physical Memory: 8080 MB
BatchMode: 1, IsHumanControllingUs: 0, StartBugReporterOnCrash: 0, Is64bit: 1, IsPro: 0

 COMMAND LINE ARGUMENTS:
C:\Program Files\Unity\Hub\Editor\2021.1.1f1\Editor\Unity.exe
-adb2
-batchMode
-noUpm
-name
AssetImportWorker0
-projectPath
D:/Unity/Flappy Bird
-logFile
Logs/AssetImportWorker0.log
-srvPort
52884
Successfully changed project path to: D:/Unity/Flappy Bird
D:/Unity/Flappy Bird
Using Asset Import Pipeline V2.
Refreshing native plugins compatible for Editor in 561.73 ms, found 2 plugins.
Preloading 0 native plugins for Editor in 0.00 ms.
Initialize engine version: 2021.1.1f1 (6fdc41dfa55a)
[Subsystems] Discovering subsystems at path C:/Program Files/Unity/Hub/Editor/2021.1.1f1/Editor/Data/Resources/UnitySubsystems
[Subsystems] Discovering subsystems at path D:/Unity/Flappy Bird/Assets
GfxDevice: creating device client; threaded=0; jobified=0
Direct3D:
    Version:  Direct3D 11.0 [level 11.1]
    Renderer: NVIDIA GeForce MX150 (ID=0x1d10)
    Vendor:   NVIDIA
    VRAM:     1983 MB
    Driver:   30.0.14.7111
Initialize mono
Mono path[0] = 'C:/Program Files/Unity/Hub/Editor/2021.1.1f1/Editor/Data/Managed'
Mono path[1] = 'C:/Program Files/Unity/Hub/Editor/2021.1.1f1/Editor/Data/MonoBleedingEdge/lib/mono/unityjit'
Mono config path = 'C:/Program Files/Unity/Hub/Editor/2021.1.1f1/Editor/Data/MonoBleedingEdge/etc'
Using monoOptions --debugger-agent=transport=dt_socket,embedding=1,server=y,suspend=n,address=127.0.0.1:56760
Begin MonoManager ReloadAssembly
Registering precompiled unity dll's ...
Register platform support module: C:/Program Files/Unity/Hub/Editor/2021.1.1f1/Editor/Data/PlaybackEngines/WindowsStandaloneSupport/UnityEditor.WindowsStandalone.Extensions.dll
Registered in 0.003994 seconds.
Native extension for WindowsStandalone target not found
Refreshing native plugins compatible for Editor in 157.65 ms, found 2 plugins.
Preloading 0 native plugins for Editor in 0.00 ms.
Mono: successfully reloaded assembly
- Completed reload, in  4.572 seconds
Platform modules already initialized, skipping
Registering precompiled user dll's ...
Registered in 0.700529 seconds.
Begin MonoManager ReloadAssembly
Native extension for WindowsStandalone target not found
Refreshing native plugins compatible for Editor in 132.65 ms, found 2 plugins.
Preloading 0 native plugins for Editor in 0.00 ms.
Mono: successfully reloaded assembly
- Completed reload, in  3.100 seconds
Platform modules already initialized, skipping
========================================================================
Worker process is ready to serve import requests
Launched and connected shader compiler UnityShaderCompiler.exe after 0.14 seconds
Refreshing native plugins compatible for Editor in 1.08 ms, found 2 plugins.
Preloading 0 native plugins for Editor in 0.00 ms.
Unloading 3417 Unused Serialized files (Serialized files now loaded: 0)
System memory in use before: 131.0 MB.
System memory in use after: 131.1 MB.

Unloading 29 unused Assets to reduce memory usage. Loaded Objects now: 3870.
Total: 4.667000 ms (FindLiveObjects: 0.428700 ms CreateObjectMapping: 0.189400 ms MarkObjects: 3.817900 ms  DeleteObjects: 0.229800 ms)

========================================================================
Received Import Request.
  path: Assets/Sprite/kus1.png
  artifactKey: Guid(7ba8d31515dc3a248b7bbd5ba3d830db) Importer(815301076,1909f56bfc062723c751e8b465ee728b)
Start importing Assets/Sprite/kus1.png using Guid(7ba8d31515dc3a248b7bbd5ba3d830db) Importer(815301076,1909f56bfc062723c751e8b465ee728b)  -> (artifact id: '448648d96a16aeb5004a2d641f7e4976') in 0.202480 seconds 
========================================================================
Received Import Request.
  Time since last request: 0.000528 seconds.
  path: Assets/Sprite/kus2.png
  artifactKey: Guid(ce3abef0d5e53b54785903545c135ef3) Importer(815301076,1909f56bfc062723c751e8b465ee728b)
Start importing Assets/Sprite/kus2.png using Guid(ce3abef0d5e53b54785903545c135ef3) Importer(815301076,1909f56bfc062723c751e8b465ee728b)  -> (artifact id: 'bdedd89528a00886a538327140b3e151') in 0.026468 seconds 
========================================================================
Received Import Request.
  Time since last request: 0.000341 seconds.
  path: Assets/Sprite/yer.png
  artifactKey: Guid(95aa866c767b00845b5545ec3e4fdb31) Importer(815301076,1909f56bfc062723c751e8b465ee728b)
Start importing Assets/Sprite/yer.png using Guid(95aa866c767b00845b5545ec3e4fdb31) Importer(815301076,1909f56bfc062723c751e8b465ee728b)  -> (artifact id: 'ed82e09a2078f3525dd2b7290d1714f5') in 0.059549 seconds 
========================================================================
Received Import Request.
  Time since last request: 0.000372 seconds.
  path: Assets/Sprite/Gokyuzu.png
  artifactKey: Guid(8338003225b786e478f722dd8fd68adb) Importer(815301076,1909f56bfc062723c751e8b465ee728b)
Start importing Assets/Sprite/Gokyuzu.png using Guid(8338003225b786e478f722dd8fd68adb) Importer(815301076,1909f56bfc062723c751e8b465ee728b)  -> (artifact id: '6512a4b52fd13ca4194e7f07b15f93cb') in 0.059347 seconds 
========================================================================
Received Import Request.
  Time since last request: 0.000374 seconds.
  path: Assets/Sprite/kus3.png
  artifactKey: Guid(14afe2335fd3fda41bae720616ba3968) Importer(815301076,1909f56bfc062723c751e8b465ee728b)
Start importing Assets/Sprite/kus3.png using Guid(14afe2335fd3fda41bae720616ba3968) Importer(815301076,1909f56bfc062723c751e8b465ee728b)  -> (artifact id: '79e8415e675c7a9a2f042edee7ee06fe') in 0.012918 seconds 
AssetImportWorkerClient::OnTransportError - code=2 error=End of file
